{
  "RSpec": {
    "coverage": {
      "/Users/aliciahenzler/turing/mod 3/projects/finial_project/sweater_weather/config/environment.rb": {
        "lines": [
          null,
          1,
          null,
          null,
          1
        ]
      },
      "/Users/aliciahenzler/turing/mod 3/projects/finial_project/sweater_weather/config/application.rb": {
        "lines": [
          1,
          null,
          1,
          null,
          1,
          1,
          1,
          1,
          1,
          1,
          1,
          1,
          1,
          null,
          null,
          null,
          null,
          1,
          null,
          1,
          1,
          null,
          1,
          null,
          null,
          null,
          null,
          null,
          null,
          null,
          1,
          null,
          null
        ]
      },
      "/Users/aliciahenzler/turing/mod 3/projects/finial_project/sweater_weather/config/boot.rb": {
        "lines": [
          1,
          null,
          1,
          1
        ]
      },
      "/Users/aliciahenzler/turing/mod 3/projects/finial_project/sweater_weather/config/environments/test.rb": {
        "lines": [
          1,
          null,
          null,
          null,
          null,
          null,
          null,
          1,
          null,
          null,
          null,
          null,
          1,
          null,
          null,
          1,
          1,
          null,
          null,
          null,
          null,
          1,
          1,
          null,
          null,
          1,
          null,
          null,
          1,
          null,
          null,
          1,
          null,
          1,
          null,
          null,
          null,
          null,
          1,
          null,
          null,
          1,
          null,
          null,
          null,
          null
        ]
      },
      "/Users/aliciahenzler/turing/mod 3/projects/finial_project/sweater_weather/config/initializers/application_controller_renderer.rb": {
        "lines": [
          null,
          null,
          null,
          null,
          null,
          null,
          null,
          null
        ]
      },
      "/Users/aliciahenzler/turing/mod 3/projects/finial_project/sweater_weather/config/initializers/assets.rb": {
        "lines": [
          null,
          null,
          null,
          1,
          null,
          null,
          null,
          null,
          1,
          null,
          null,
          null,
          null,
          null
        ]
      },
      "/Users/aliciahenzler/turing/mod 3/projects/finial_project/sweater_weather/config/initializers/backtrace_silencers.rb": {
        "lines": [
          null,
          null,
          null,
          null,
          null,
          null,
          null
        ]
      },
      "/Users/aliciahenzler/turing/mod 3/projects/finial_project/sweater_weather/config/initializers/content_security_policy.rb": {
        "lines": [
          null,
          null,
          null,
          null,
          null,
          null,
          null,
          null,
          null,
          null,
          null,
          null,
          null,
          null,
          null,
          null,
          null,
          null,
          null,
          null,
          null,
          null,
          null,
          null,
          null
        ]
      },
      "/Users/aliciahenzler/turing/mod 3/projects/finial_project/sweater_weather/config/initializers/cookies_serializer.rb": {
        "lines": [
          null,
          null,
          null,
          null,
          1
        ]
      },
      "/Users/aliciahenzler/turing/mod 3/projects/finial_project/sweater_weather/config/initializers/filter_parameter_logging.rb": {
        "lines": [
          null,
          null,
          null,
          1
        ]
      },
      "/Users/aliciahenzler/turing/mod 3/projects/finial_project/sweater_weather/config/initializers/inflections.rb": {
        "lines": [
          null,
          null,
          null,
          null,
          null,
          null,
          null,
          null,
          null,
          null,
          null,
          null,
          null,
          null,
          null,
          null
        ]
      },
      "/Users/aliciahenzler/turing/mod 3/projects/finial_project/sweater_weather/config/initializers/mime_types.rb": {
        "lines": [
          null,
          null,
          null,
          null
        ]
      },
      "/Users/aliciahenzler/turing/mod 3/projects/finial_project/sweater_weather/config/initializers/wrap_parameters.rb": {
        "lines": [
          null,
          null,
          null,
          null,
          null,
          null,
          1,
          2,
          null,
          null,
          null,
          null,
          null,
          null
        ]
      },
      "/Users/aliciahenzler/turing/mod 3/projects/finial_project/sweater_weather/config/routes.rb": {
        "lines": [
          1,
          1,
          1,
          1,
          1,
          null,
          null,
          null
        ]
      },
      "/Users/aliciahenzler/turing/mod 3/projects/finial_project/sweater_weather/app/helpers/application_helper.rb": {
        "lines": [
          1,
          null
        ]
      },
      "/Users/aliciahenzler/turing/mod 3/projects/finial_project/sweater_weather/spec/api/v1/forecast_weather/index_spec.rb": {
        "lines": [
          1,
          null,
          1,
          1,
          1,
          1,
          1,
          null,
          1,
          1,
          1,
          1,
          1,
          1,
          1,
          1,
          1,
          1,
          1,
          1,
          1,
          1,
          1,
          null,
          null,
          1,
          1,
          1,
          null,
          1,
          1,
          1,
          1,
          1,
          1,
          1,
          1,
          null,
          null,
          1,
          1,
          1,
          null,
          1,
          1,
          1,
          1,
          1,
          1,
          1,
          1,
          1,
          1,
          1,
          null,
          null,
          null,
          1,
          1,
          1,
          null,
          1,
          1,
          1,
          null,
          null,
          null
        ]
      },
      "/Users/aliciahenzler/turing/mod 3/projects/finial_project/sweater_weather/spec/facades/breweries_facade_spec.rb": {
        "lines": [
          1,
          null,
          1,
          1,
          1,
          1,
          1,
          null,
          1,
          1,
          1,
          1,
          1,
          null,
          null
        ]
      },
      "/Users/aliciahenzler/turing/mod 3/projects/finial_project/sweater_weather/app/facades/breweries_facade.rb": {
        "lines": [
          1,
          1,
          1,
          2,
          2,
          2,
          null,
          null,
          null
        ]
      },
      "/Users/aliciahenzler/turing/mod 3/projects/finial_project/sweater_weather/spec/facades/coordinates_facade_spec.rb": {
        "lines": [
          1,
          null,
          1,
          1,
          1,
          null,
          1,
          1,
          1,
          null,
          null,
          1,
          1,
          null,
          1,
          1,
          1,
          null,
          null
        ]
      },
      "/Users/aliciahenzler/turing/mod 3/projects/finial_project/sweater_weather/spec/facades/weather_facade_spec.rb": {
        "lines": [
          1,
          null,
          1,
          1,
          1,
          null,
          1,
          null,
          1,
          1,
          1,
          1,
          1,
          1,
          null,
          null
        ]
      },
      "/Users/aliciahenzler/turing/mod 3/projects/finial_project/sweater_weather/spec/poros/brewery_spec.rb": {
        "lines": [
          1,
          null,
          1,
          1,
          1,
          1,
          1,
          1,
          null,
          1,
          null,
          1,
          1,
          1,
          1,
          1,
          1,
          1,
          1,
          1,
          1,
          null,
          null
        ]
      },
      "/Users/aliciahenzler/turing/mod 3/projects/finial_project/sweater_weather/spec/poros/current_weather_spec.rb": {
        "lines": [
          1,
          null,
          1,
          1,
          1,
          null,
          null,
          null,
          null,
          null,
          null,
          null,
          null,
          null,
          null,
          null,
          null,
          null,
          null,
          null,
          null,
          null,
          null,
          null,
          null,
          1,
          null,
          1,
          1,
          1,
          1,
          1,
          1,
          1,
          1,
          1,
          null,
          null
        ]
      },
      "/Users/aliciahenzler/turing/mod 3/projects/finial_project/sweater_weather/spec/poros/daily_weather_spec.rb": {
        "lines": [
          1,
          null,
          1,
          1,
          1,
          null,
          null,
          null,
          null,
          null,
          null,
          null,
          null,
          null,
          null,
          null,
          null,
          null,
          null,
          null,
          null,
          null,
          null,
          null,
          null,
          null,
          null,
          null,
          null,
          null,
          null,
          null,
          null,
          null,
          null,
          null,
          null,
          null,
          null,
          null,
          null,
          1,
          null,
          1,
          1,
          1,
          1,
          1,
          1,
          null,
          null
        ]
      },
      "/Users/aliciahenzler/turing/mod 3/projects/finial_project/sweater_weather/spec/poros/hourly_weather_spec.rb": {
        "lines": [
          1,
          null,
          1,
          1,
          null,
          1,
          null,
          null,
          null,
          null,
          null,
          null,
          null,
          null,
          null,
          null,
          null,
          null,
          null,
          null,
          null,
          null,
          null,
          null,
          null,
          null,
          null,
          1,
          null,
          1,
          1,
          1,
          null,
          null
        ]
      },
      "/Users/aliciahenzler/turing/mod 3/projects/finial_project/sweater_weather/spec/poros/location_spec.rb": {
        "lines": [
          1,
          null,
          1,
          1,
          1,
          1,
          null,
          1,
          1,
          null,
          null
        ]
      },
      "/Users/aliciahenzler/turing/mod 3/projects/finial_project/sweater_weather/spec/poros/weather_forecast_spec.rb": {
        "lines": [
          1,
          null,
          1,
          1,
          1,
          1,
          null,
          1,
          null,
          1,
          1,
          null,
          1,
          1,
          1,
          null,
          1,
          1,
          1,
          null,
          null
        ]
      },
      "/Users/aliciahenzler/turing/mod 3/projects/finial_project/sweater_weather/spec/services/background_service_spec.rb": {
        "lines": [
          1,
          null,
          1,
          1,
          1,
          null,
          1,
          1,
          1,
          null,
          null
        ]
      },
      "/Users/aliciahenzler/turing/mod 3/projects/finial_project/sweater_weather/spec/services/brewery_service_spec.rb": {
        "lines": [
          1,
          null,
          1,
          1,
          1,
          1,
          1,
          null,
          null,
          1,
          1,
          1,
          1,
          1,
          1,
          1,
          1,
          1,
          null,
          null,
          null
        ]
      },
      "/Users/aliciahenzler/turing/mod 3/projects/finial_project/sweater_weather/spec/services/mapquest_service_spec.rb": {
        "lines": [
          1,
          null,
          1,
          1,
          1,
          1,
          null,
          1,
          1,
          1,
          1,
          1,
          1,
          null,
          null,
          1,
          1,
          null,
          1,
          1,
          1,
          1,
          null,
          null,
          1,
          1,
          null,
          1,
          1,
          1,
          1,
          null,
          null,
          1,
          1,
          1,
          null,
          1,
          1,
          1,
          null,
          null,
          null
        ]
      },
      "/Users/aliciahenzler/turing/mod 3/projects/finial_project/sweater_weather/spec/services/weather_service_spec.rb": {
        "lines": [
          1,
          null,
          1,
          1,
          1,
          1,
          1,
          null,
          1,
          1,
          1,
          1,
          1,
          1,
          null,
          null,
          null
        ]
      },
      "/Users/aliciahenzler/turing/mod 3/projects/finial_project/sweater_weather/app/controllers/api/v1/breweries_controller.rb": {
        "lines": [
          1,
          1,
          2,
          1,
          1,
          1,
          null,
          1,
          null,
          null,
          null
        ]
      },
      "/Users/aliciahenzler/turing/mod 3/projects/finial_project/sweater_weather/app/controllers/application_controller.rb": {
        "lines": [
          1,
          null
        ]
      },
      "/Users/aliciahenzler/turing/mod 3/projects/finial_project/sweater_weather/app/facades/coordinates_facade.rb": {
        "lines": [
          1,
          1,
          1,
          12,
          12,
          12,
          null,
          null,
          null
        ]
      },
      "/Users/aliciahenzler/turing/mod 3/projects/finial_project/sweater_weather/app/services/mapquest_service.rb": {
        "lines": [
          1,
          1,
          null,
          1,
          16,
          16,
          null,
          null,
          1,
          null,
          1,
          16,
          null,
          null,
          1,
          16,
          null,
          null,
          null
        ]
      },
      "/Users/aliciahenzler/turing/mod 3/projects/finial_project/sweater_weather/app/poros/location.rb": {
        "lines": [
          1,
          1,
          null,
          1,
          13,
          13,
          null,
          null
        ]
      },
      "/Users/aliciahenzler/turing/mod 3/projects/finial_project/sweater_weather/app/facades/weather_facade.rb": {
        "lines": [
          1,
          1,
          1,
          7,
          7,
          null,
          null,
          null
        ]
      },
      "/Users/aliciahenzler/turing/mod 3/projects/finial_project/sweater_weather/app/services/weather_service.rb": {
        "lines": [
          1,
          1,
          1,
          9,
          9,
          null,
          null,
          1,
          null,
          1,
          9,
          null,
          null,
          1,
          9,
          null,
          null,
          null
        ]
      },
      "/Users/aliciahenzler/turing/mod 3/projects/finial_project/sweater_weather/app/poros/weather_forecast.rb": {
        "lines": [
          1,
          1,
          null,
          1,
          8,
          8,
          8,
          8,
          null,
          null,
          1,
          8,
          40,
          null,
          null,
          null,
          1,
          8,
          64,
          null,
          null,
          null
        ]
      },
      "/Users/aliciahenzler/turing/mod 3/projects/finial_project/sweater_weather/app/poros/current_weather.rb": {
        "lines": [
          1,
          1,
          null,
          null,
          null,
          null,
          null,
          null,
          null,
          null,
          null,
          null,
          1,
          9,
          9,
          9,
          9,
          9,
          9,
          9,
          9,
          9,
          9,
          null,
          null
        ]
      },
      "/Users/aliciahenzler/turing/mod 3/projects/finial_project/sweater_weather/app/services/brewery_service.rb": {
        "lines": [
          1,
          1,
          null,
          1,
          4,
          4,
          null,
          null,
          1,
          null,
          1,
          4,
          null,
          null,
          1,
          4,
          null,
          null,
          null
        ]
      },
      "/Users/aliciahenzler/turing/mod 3/projects/finial_project/sweater_weather/app/poros/brewery.rb": {
        "lines": [
          1,
          1,
          null,
          1,
          3,
          3,
          3,
          3,
          null,
          null,
          1,
          8,
          40,
          null,
          null,
          null,
          1,
          5,
          null,
          null
        ]
      },
      "/Users/aliciahenzler/turing/mod 3/projects/finial_project/sweater_weather/app/serializers/brewery_serializer.rb": {
        "lines": [
          1,
          1,
          1,
          null,
          1,
          null
        ]
      },
      "/Users/aliciahenzler/turing/mod 3/projects/finial_project/sweater_weather/app/controllers/api/v1/forecast_weather_controller.rb": {
        "lines": [
          1,
          1,
          4,
          3,
          3,
          3,
          null,
          1,
          null,
          null,
          null
        ]
      },
      "/Users/aliciahenzler/turing/mod 3/projects/finial_project/sweater_weather/app/serializers/forecast_serializer.rb": {
        "lines": [
          1,
          1,
          1,
          null,
          1,
          null
        ]
      },
      "/Users/aliciahenzler/turing/mod 3/projects/finial_project/sweater_weather/app/poros/hourly_weather.rb": {
        "lines": [
          null,
          1,
          1,
          null,
          null,
          null,
          null,
          1,
          65,
          65,
          65,
          65,
          null,
          null
        ]
      },
      "/Users/aliciahenzler/turing/mod 3/projects/finial_project/sweater_weather/app/poros/daily_weather.rb": {
        "lines": [
          1,
          1,
          null,
          null,
          null,
          null,
          null,
          null,
          null,
          1,
          41,
          41,
          41,
          41,
          41,
          41,
          41,
          null,
          null
        ]
      },
      "/Users/aliciahenzler/turing/mod 3/projects/finial_project/sweater_weather/app/services/background_service.rb": {
        "lines": [
          1,
          1,
          1,
          1,
          1,
          null,
          null,
          1,
          null,
          1,
          1,
          null,
          null,
          1,
          1,
          null,
          null,
          null
        ]
      }
    },
    "timestamp": 1628679926
  }
}
